2012-12-08 18:41:54 Debug: Notice (1024): Please change the value of 'Security.salt' in app/config/core.php to a salt value specific to your application in [C:\wamp\www\dispocar\cake\libs\debugger.php, line 694]
2012-12-08 18:41:54 Debug: Notice (1024): Please change the value of 'Security.cipherSeed' in app/config/core.php to a numeric (digits only) seed value specific to your application in [C:\wamp\www\dispocar\cake\libs\debugger.php, line 698]
2012-12-08 18:59:11 Debug: Notice (8): Undefined property: Member::$Parc in [C:\wamp\www\dispocar\app\controllers\members_controller.php, line 29]
2012-12-08 19:47:31 Debug: Notice (8): Undefined property: AppAuthComponent::$defaults in [C:\wamp\www\dispocar\app\controllers\components\app_auth.php, line 97]
2012-12-08 19:47:31 Debug: Notice (8): Undefined property: AppAuthComponent::$defaults in [C:\wamp\www\dispocar\app\controllers\components\app_auth.php, line 97]
2012-12-08 19:48:36 Debug: Notice (8): Undefined property: AppAuthComponent::$defaults in [C:\wamp\www\dispocar\app\controllers\components\app_auth.php, line 97]
2012-12-08 19:48:36 Debug: Notice (8): Undefined property: AppAuthComponent::$defaults in [C:\wamp\www\dispocar\app\controllers\components\app_auth.php, line 97]
2012-12-08 19:48:44 Debug: Notice (8): Undefined property: AppAuthComponent::$defaults in [C:\wamp\www\dispocar\app\controllers\components\app_auth.php, line 97]
2012-12-08 19:48:44 Debug: Notice (8): Undefined property: AppAuthComponent::$defaults in [C:\wamp\www\dispocar\app\controllers\components\app_auth.php, line 97]
2012-12-08 20:10:15 Debug: Notice (8): Undefined property: Member::$Parc in [C:\wamp\www\dispocar\app\controllers\members_controller.php, line 39]
2012-12-08 20:13:19 Debug: Notice (8): Undefined property: Member::$Parc in [C:\wamp\www\dispocar\app\controllers\members_controller.php, line 39]
2012-12-08 20:15:05 Debug: Notice (8): Undefined property: View::$Paginator in [C:\wamp\www\dispocar\app\views\members\membres_index.ctp, line 5]
2012-12-08 20:16:46 Debug: Notice (8): Undefined property: Member::$Parc in [C:\wamp\www\dispocar\app\controllers\members_controller.php, line 39]
2012-12-08 20:16:51 Debug: Notice (8): Undefined property: Member::$Parc in [C:\wamp\www\dispocar\app\controllers\members_controller.php, line 39]
2012-12-08 20:28:49 Debug: Notice (8): Undefined property: Member::$Parc in [C:\wamp\www\dispocar\app\controllers\members_controller.php, line 39]
2012-12-08 20:28:53 Debug: Notice (8): Undefined property: Member::$Parc in [C:\wamp\www\dispocar\app\controllers\members_controller.php, line 39]
2012-12-08 20:28:58 Debug: Notice (8): Undefined property: Member::$Parc in [C:\wamp\www\dispocar\app\controllers\members_controller.php, line 39]
2012-12-08 20:32:32 Debug: Notice (8): Undefined property: Member::$Parc in [C:\wamp\www\dispocar\app\controllers\members_controller.php, line 40]
2012-12-09 01:21:56 Debug: Notice (8): Use of undefined constant password - assumed 'password' in [C:\wamp\www\dispocar\app\models\member.php, line 7]
2012-12-09 01:22:36 Debug: Notice (8): Use of undefined constant password - assumed 'password' in [C:\wamp\www\dispocar\app\models\member.php, line 7]
2012-12-09 01:58:25 Debug: Notice (8): Undefined property: MembersController::$User in [C:\wamp\www\dispocar\app\controllers\members_controller.php, line 24]
2012-12-09 20:11:46 Debug: Notice (8): Undefined property: View::$Paginator in [C:\wamp\www\dispocar\app\views\members\index.ctp, line 5]
2012-12-09 20:22:01 Debug: Notice (8): Undefined variable: members in [C:\wamp\www\dispocar\app\views\members\index.ctp, line 19]
2012-12-09 20:22:01 Debug: Notice (8): Undefined index: count in [C:\wamp\www\dispocar\cake\libs\view\helpers\paginator.php, line 543]
2012-12-09 20:22:01 Debug: Notice (8): Undefined index: options in [C:\wamp\www\dispocar\cake\libs\view\helpers\paginator.php, line 546]
2012-12-09 20:22:01 Debug: Notice (8): Undefined index: count in [C:\wamp\www\dispocar\cake\libs\view\helpers\paginator.php, line 547]
2012-12-09 20:22:01 Debug: Notice (8): Undefined index: count in [C:\wamp\www\dispocar\cake\libs\view\helpers\paginator.php, line 548]
2012-12-09 20:22:02 Debug: Notice (8): Undefined index: page in [C:\wamp\www\dispocar\cake\libs\view\helpers\paginator.php, line 564]
2012-12-09 20:22:02 Debug: Notice (8): Undefined index: current in [C:\wamp\www\dispocar\cake\libs\view\helpers\paginator.php, line 566]
2012-12-09 20:22:02 Debug: Notice (8): Undefined index: count in [C:\wamp\www\dispocar\cake\libs\view\helpers\paginator.php, line 567]
2012-12-09 20:22:02 Debug: Notice (8): Undefined index: pageCount in [C:\wamp\www\dispocar\cake\libs\view\helpers\paginator.php, line 619]
