2012-12-08 19:47:31 Warning: Warning (2): array_merge() [<a href='http://php.net/function.array-merge'>function.array-merge</a>]: Argument #1 is not an array in [C:\wamp\www\dispocar\app\controllers\components\app_auth.php, line 101]
2012-12-08 19:47:31 Warning: Warning (2): array_merge() [<a href='http://php.net/function.array-merge'>function.array-merge</a>]: Argument #1 is not an array in [C:\wamp\www\dispocar\app\controllers\components\app_auth.php, line 101]
2012-12-08 19:48:36 Warning: Warning (2): array_merge() [<a href='http://php.net/function.array-merge'>function.array-merge</a>]: Argument #1 is not an array in [C:\wamp\www\dispocar\app\controllers\components\app_auth.php, line 101]
2012-12-08 19:48:36 Warning: Warning (2): array_merge() [<a href='http://php.net/function.array-merge'>function.array-merge</a>]: Argument #1 is not an array in [C:\wamp\www\dispocar\app\controllers\components\app_auth.php, line 101]
2012-12-08 19:48:44 Warning: Warning (2): array_merge() [<a href='http://php.net/function.array-merge'>function.array-merge</a>]: Argument #1 is not an array in [C:\wamp\www\dispocar\app\controllers\components\app_auth.php, line 101]
2012-12-08 19:48:44 Warning: Warning (2): array_merge() [<a href='http://php.net/function.array-merge'>function.array-merge</a>]: Argument #1 is not an array in [C:\wamp\www\dispocar\app\controllers\components\app_auth.php, line 101]
2012-12-08 23:44:53 Warning: Warning (512): <span style="color:Red;text-align:left"><b>SQL Error:</b> 1054: Unknown column 'Member.disabled' in 'where clause'</span> in [C:\wamp\www\dispocar\cake\libs\model\datasources\dbo_source.php, line 684]
2012-12-09 20:22:01 Warning: Warning (2): array_merge() [<a href='http://php.net/function.array-merge'>function.array-merge</a>]: Argument #1 is not an array in [C:\wamp\www\dispocar\cake\libs\view\helpers\paginator.php, line 194]
2012-12-09 20:22:01 Warning: Warning (2): array_merge() [<a href='http://php.net/function.array-merge'>function.array-merge</a>]: Argument #1 is not an array in [C:\wamp\www\dispocar\cake\libs\view\helpers\paginator.php, line 378]
2012-12-09 20:22:01 Warning: Warning (2): Invalid argument supplied for foreach() in [C:\wamp\www\dispocar\app\views\members\index.ctp, line 19]
2012-12-14 15:42:57 Warning: Warning (512): <span style="color:Red;text-align:left"><b>SQL Error:</b> 1054: Unknown column 'Nvehicule.client_id' in 'on clause'</span> in [C:\wamp\www\Dispocargit1\cake\libs\model\datasources\dbo_source.php, line 684]
2012-12-14 15:42:57 Warning: Warning (2): Invalid argument supplied for foreach() in [C:\wamp\www\Dispocargit1\app\views\nvehicules\index.ctp, line 23]
2012-12-14 15:48:43 Warning: Warning (512): <span style="color:Red;text-align:left"><b>SQL Error:</b> 1062: Duplicate entry '0' for key 'PRIMARY'</span> in [C:\wamp\www\Dispocargit1\cake\libs\model\datasources\dbo_source.php, line 684]
2012-12-14 15:50:00 Warning: Warning (512): <span style="color:Red;text-align:left"><b>SQL Error:</b> 1062: Duplicate entry '0' for key 'PRIMARY'</span> in [C:\wamp\www\Dispocargit1\cake\libs\model\datasources\dbo_source.php, line 684]
2012-12-14 16:13:56 Warning: Warning (512): <span style="color:Red;text-align:left"><b>SQL Error:</b> 1054: Unknown column 'Parc.ovehicule_id' in 'on clause'</span> in [C:\wamp\www\Dispocargit1\cake\libs\model\datasources\dbo_source.php, line 684]
2012-12-14 16:13:56 Warning: Warning (2): Invalid argument supplied for foreach() in [C:\wamp\www\Dispocargit1\app\views\parcs\index.ctp, line 15]
2012-12-14 16:14:10 Warning: Warning (512): <span style="color:Red;text-align:left"><b>SQL Error:</b> 1054: Unknown column 'Parc.ovehicule_id' in 'on clause'</span> in [C:\wamp\www\Dispocargit1\cake\libs\model\datasources\dbo_source.php, line 684]
2012-12-14 16:14:10 Warning: Warning (2): Invalid argument supplied for foreach() in [C:\wamp\www\Dispocargit1\app\views\parcs\index.ctp, line 15]
2012-12-14 16:15:42 Warning: Warning (512): <span style="color:Red;text-align:left"><b>SQL Error:</b> 1054: Unknown column 'Parc.ovehicule_id' in 'on clause'</span> in [C:\wamp\www\Dispocargit1\cake\libs\model\datasources\dbo_source.php, line 684]
2012-12-14 16:15:42 Warning: Warning (2): Invalid argument supplied for foreach() in [C:\wamp\www\Dispocargit1\app\views\parcs\index.ctp, line 15]
2012-12-14 16:15:46 Warning: Warning (512): <span style="color:Red;text-align:left"><b>SQL Error:</b> 1054: Unknown column 'Parc.ovehicule_id' in 'on clause'</span> in [C:\wamp\www\Dispocargit1\cake\libs\model\datasources\dbo_source.php, line 684]
2012-12-14 16:15:46 Warning: Warning (2): Invalid argument supplied for foreach() in [C:\wamp\www\Dispocargit1\app\views\parcs\index.ctp, line 15]
2012-12-14 16:18:42 Warning: Warning (512): <span style="color:Red;text-align:left"><b>SQL Error:</b> 1054: Unknown column 'Parc.ovehicule_id' in 'on clause'</span> in [C:\wamp\www\Dispocargit1\cake\libs\model\datasources\dbo_source.php, line 684]
2012-12-14 16:18:42 Warning: Warning (2): Invalid argument supplied for foreach() in [C:\wamp\www\Dispocargit1\app\views\parcs\index.ctp, line 15]
2012-12-14 16:18:45 Warning: Warning (512): <span style="color:Red;text-align:left"><b>SQL Error:</b> 1054: Unknown column 'Parc.ovehicule_id' in 'on clause'</span> in [C:\wamp\www\Dispocargit1\cake\libs\model\datasources\dbo_source.php, line 684]
2012-12-14 16:18:45 Warning: Warning (2): Invalid argument supplied for foreach() in [C:\wamp\www\Dispocargit1\app\views\parcs\index.ctp, line 15]
2012-12-14 16:21:36 Warning: Warning (512): <span style="color:Red;text-align:left"><b>SQL Error:</b> 1054: Unknown column 'Parc.ovehicule_id' in 'on clause'</span> in [C:\wamp\www\Dispocargit1\cake\libs\model\datasources\dbo_source.php, line 684]
2012-12-14 16:21:36 Warning: Warning (2): Invalid argument supplied for foreach() in [C:\wamp\www\Dispocargit1\app\views\parcs\index.ctp, line 15]
2012-12-14 16:21:39 Warning: Warning (512): <span style="color:Red;text-align:left"><b>SQL Error:</b> 1054: Unknown column 'Parc.ovehicule_id' in 'on clause'</span> in [C:\wamp\www\Dispocargit1\cake\libs\model\datasources\dbo_source.php, line 684]
2012-12-14 16:21:39 Warning: Warning (2): Invalid argument supplied for foreach() in [C:\wamp\www\Dispocargit1\app\views\parcs\index.ctp, line 15]
2012-12-14 16:23:14 Warning: Warning (512): <span style="color:Red;text-align:left"><b>SQL Error:</b> 1054: Unknown column 'Parc.ovehicule_id' in 'on clause'</span> in [C:\wamp\www\Dispocargit1\cake\libs\model\datasources\dbo_source.php, line 684]
2012-12-14 16:23:14 Warning: Warning (2): Invalid argument supplied for foreach() in [C:\wamp\www\Dispocargit1\app\views\parcs\index.ctp, line 15]
2012-12-14 16:23:39 Warning: Warning (512): <span style="color:Red;text-align:left"><b>SQL Error:</b> 1054: Unknown column 'Parc.ovehicule_id' in 'on clause'</span> in [C:\wamp\www\Dispocargit1\cake\libs\model\datasources\dbo_source.php, line 684]
2012-12-14 16:23:39 Warning: Warning (2): Invalid argument supplied for foreach() in [C:\wamp\www\Dispocargit1\app\views\parcs\index.ctp, line 15]
2012-12-14 16:23:41 Warning: Warning (512): <span style="color:Red;text-align:left"><b>SQL Error:</b> 1054: Unknown column 'Parc.ovehicule_id' in 'on clause'</span> in [C:\wamp\www\Dispocargit1\cake\libs\model\datasources\dbo_source.php, line 684]
2012-12-14 16:23:41 Warning: Warning (2): Invalid argument supplied for foreach() in [C:\wamp\www\Dispocargit1\app\views\parcs\index.ctp, line 15]
2012-12-14 16:23:42 Warning: Warning (512): <span style="color:Red;text-align:left"><b>SQL Error:</b> 1054: Unknown column 'Parc.ovehicule_id' in 'on clause'</span> in [C:\wamp\www\Dispocargit1\cake\libs\model\datasources\dbo_source.php, line 684]
2012-12-14 16:23:42 Warning: Warning (2): Invalid argument supplied for foreach() in [C:\wamp\www\Dispocargit1\app\views\parcs\index.ctp, line 15]
2012-12-14 16:25:58 Warning: Warning (512): <span style="color:Red;text-align:left"><b>SQL Error:</b> 1054: Unknown column 'Nvehicule.client_id' in 'on clause'</span> in [C:\wamp\www\Dispocargit1\cake\libs\model\datasources\dbo_source.php, line 684]
2012-12-14 16:25:58 Warning: Warning (2): Invalid argument supplied for foreach() in [C:\wamp\www\Dispocargit1\app\views\nvehicules\index.ctp, line 23]
2012-12-14 16:36:11 Warning: Warning (512): <span style="color:Red;text-align:left"><b>SQL Error:</b> 1054: Unknown column 'Ovehicule.client_id' in 'on clause'</span> in [C:\wamp\www\Dispocargit1\cake\libs\model\datasources\dbo_source.php, line 684]
2012-12-14 16:36:11 Warning: Warning (2): Invalid argument supplied for foreach() in [C:\wamp\www\Dispocargit1\app\views\ovehicules\index.ctp, line 25]
2012-12-14 16:46:07 Warning: Warning (512): <span style="color:Red;text-align:left"><b>SQL Error:</b> 1054: Unknown column 'Member.parc_id' in 'on clause'</span> in [C:\wamp\www\Dispocargit1\cake\libs\model\datasources\dbo_source.php, line 684]
2012-12-14 16:46:07 Warning: Warning (2): Invalid argument supplied for foreach() in [C:\wamp\www\Dispocargit1\app\views\members\index.ctp, line 19]
2012-12-14 17:53:03 Warning: Warning (512): <span style="color:Red;text-align:left"><b>SQL Error:</b> 1452: Cannot add or update a child row: a foreign key constraint fails (`basedispocar`.`parcs`, CONSTRAINT `fk_parcs_ovehicules1` FOREIGN KEY (`ovehicules_id`) REFERENCES `ovehicules` (`id`) ON DELETE NO ACTION ON UPDATE NO ACTION)</span> in [C:\wamp\www\Dispocargit1\cake\libs\model\datasources\dbo_source.php, line 684]
2012-12-14 18:49:30 Warning: Warning (512): <span style="color:Red;text-align:left"><b>SQL Error:</b> 1054: Unknown column 'Member.parcs.id' in 'on clause'</span> in [C:\wamp\www\Dispocargit1\cake\libs\model\datasources\dbo_source.php, line 684]
2012-12-14 18:49:31 Warning: Warning (2): Invalid argument supplied for foreach() in [C:\wamp\www\Dispocargit1\app\views\members\index.ctp, line 19]
2012-12-14 19:02:09 Warning: Warning (512): <span style="color:Red;text-align:left"><b>SQL Error:</b> 1054: Unknown column 'Member.parc_id' in 'on clause'</span> in [C:\wamp\www\Dispocargit1\cake\libs\model\datasources\dbo_source.php, line 684]
2012-12-14 19:02:09 Warning: Warning (2): Invalid argument supplied for foreach() in [C:\wamp\www\Dispocargit1\app\views\members\index.ctp, line 19]
2012-12-14 19:07:25 Warning: Warning (512): <span style="color:Red;text-align:left"><b>SQL Error:</b> 1054: Unknown column 'Member.parc_id' in 'on clause'</span> in [C:\wamp\www\Dispocargit1\cake\libs\model\datasources\dbo_source.php, line 684]
2012-12-14 19:07:25 Warning: Warning (512): <span style="color:Red;text-align:left"><b>SQL Error:</b> 1054: Unknown column 'members.parcs_id' in 'field list'</span> in [C:\wamp\www\Dispocargit1\cake\libs\model\datasources\dbo_source.php, line 684]
2012-12-14 19:07:25 Warning: Warning (2): Invalid argument supplied for foreach() in [C:\wamp\www\Dispocargit1\app\views\members\index.ctp, line 19]
2012-12-14 19:09:28 Warning: Warning (512): <span style="color:Red;text-align:left"><b>SQL Error:</b> 1054: Unknown column 'Member.parc_id' in 'on clause'</span> in [C:\wamp\www\Dispocargit1\cake\libs\model\datasources\dbo_source.php, line 684]
2012-12-14 19:09:28 Warning: Warning (512): <span style="color:Red;text-align:left"><b>SQL Error:</b> 1054: Unknown column 'members.parcs_id' in 'field list'</span> in [C:\wamp\www\Dispocargit1\cake\libs\model\datasources\dbo_source.php, line 684]
2012-12-14 19:09:28 Warning: Warning (2): Invalid argument supplied for foreach() in [C:\wamp\www\Dispocargit1\app\views\members\index.ctp, line 19]
2012-12-14 19:11:05 Warning: Warning (512): <span style="color:Red;text-align:left"><b>SQL Error:</b> 1054: Unknown column 'Member.parc_id' in 'on clause'</span> in [C:\wamp\www\Dispocargit1\cake\libs\model\datasources\dbo_source.php, line 684]
2012-12-14 19:11:06 Warning: Warning (512): <span style="color:Red;text-align:left"><b>SQL Error:</b> 1054: Unknown column 'members.parcs_id' in 'field list'</span> in [C:\wamp\www\Dispocargit1\cake\libs\model\datasources\dbo_source.php, line 684]
2012-12-14 19:11:06 Warning: Warning (2): Invalid argument supplied for foreach() in [C:\wamp\www\Dispocargit1\app\views\members\index.ctp, line 19]
2012-12-14 19:11:31 Warning: Warning (512): <span style="color:Red;text-align:left"><b>SQL Error:</b> 1054: Unknown column 'Member.parc_id' in 'on clause'</span> in [C:\wamp\www\Dispocargit1\cake\libs\model\datasources\dbo_source.php, line 684]
2012-12-14 19:11:31 Warning: Warning (512): <span style="color:Red;text-align:left"><b>SQL Error:</b> 1054: Unknown column 'members.parcs_id' in 'field list'</span> in [C:\wamp\www\Dispocargit1\cake\libs\model\datasources\dbo_source.php, line 684]
2012-12-14 19:11:32 Warning: Warning (2): Invalid argument supplied for foreach() in [C:\wamp\www\Dispocargit1\app\views\members\index.ctp, line 19]
2012-12-14 19:12:09 Warning: Warning (512): <span style="color:Red;text-align:left"><b>SQL Error:</b> 1054: Unknown column 'Member.parc_id' in 'on clause'</span> in [C:\wamp\www\Dispocargit1\cake\libs\model\datasources\dbo_source.php, line 684]
2012-12-14 19:12:09 Warning: Warning (512): <span style="color:Red;text-align:left"><b>SQL Error:</b> 1054: Unknown column 'members.parcs_id' in 'field list'</span> in [C:\wamp\www\Dispocargit1\cake\libs\model\datasources\dbo_source.php, line 684]
2012-12-14 19:12:09 Warning: Warning (2): Invalid argument supplied for foreach() in [C:\wamp\www\Dispocargit1\app\views\members\index.ctp, line 19]
2012-12-14 19:12:25 Warning: Warning (512): <span style="color:Red;text-align:left"><b>SQL Error:</b> 1054: Unknown column 'Member.parc_id' in 'on clause'</span> in [C:\wamp\www\Dispocargit1\cake\libs\model\datasources\dbo_source.php, line 684]
2012-12-14 19:12:25 Warning: Warning (512): <span style="color:Red;text-align:left"><b>SQL Error:</b> 1054: Unknown column 'members.parcs_id' in 'field list'</span> in [C:\wamp\www\Dispocargit1\cake\libs\model\datasources\dbo_source.php, line 684]
2012-12-14 19:12:26 Warning: Warning (2): Invalid argument supplied for foreach() in [C:\wamp\www\Dispocargit1\app\views\members\index.ctp, line 19]
2012-12-14 19:12:59 Warning: Warning (512): <span style="color:Red;text-align:left"><b>SQL Error:</b> 1054: Unknown column 'Member.parc_id' in 'on clause'</span> in [C:\wamp\www\Dispocargit1\cake\libs\model\datasources\dbo_source.php, line 684]
2012-12-14 19:12:59 Warning: Warning (512): <span style="color:Red;text-align:left"><b>SQL Error:</b> 1054: Unknown column 'members.parcs_id' in 'field list'</span> in [C:\wamp\www\Dispocargit1\cake\libs\model\datasources\dbo_source.php, line 684]
2012-12-14 19:12:59 Warning: Warning (2): Invalid argument supplied for foreach() in [C:\wamp\www\Dispocargit1\app\views\members\index.ctp, line 19]
2012-12-14 19:13:18 Warning: Warning (512): <span style="color:Red;text-align:left"><b>SQL Error:</b> 1054: Unknown column 'Member.parc_id' in 'on clause'</span> in [C:\wamp\www\Dispocargit1\cake\libs\model\datasources\dbo_source.php, line 684]
2012-12-14 19:13:20 Warning: Warning (512): <span style="color:Red;text-align:left"><b>SQL Error:</b> 1054: Unknown column 'members.parcs_id' in 'field list'</span> in [C:\wamp\www\Dispocargit1\cake\libs\model\datasources\dbo_source.php, line 684]
2012-12-14 19:13:21 Warning: Warning (2): Invalid argument supplied for foreach() in [C:\wamp\www\Dispocargit1\app\views\members\index.ctp, line 19]
2012-12-14 19:14:07 Warning: Warning (512): <span style="color:Red;text-align:left"><b>SQL Error:</b> 1054: Unknown column 'Member.parc_id' in 'on clause'</span> in [C:\wamp\www\Dispocargit1\cake\libs\model\datasources\dbo_source.php, line 684]
2012-12-14 19:14:07 Warning: Warning (512): <span style="color:Red;text-align:left"><b>SQL Error:</b> 1054: Unknown column 'members.parcs_id' in 'field list'</span> in [C:\wamp\www\Dispocargit1\cake\libs\model\datasources\dbo_source.php, line 684]
2012-12-14 19:14:07 Warning: Warning (2): Invalid argument supplied for foreach() in [C:\wamp\www\Dispocargit1\app\views\members\index.ctp, line 19]
2012-12-14 19:15:47 Warning: Warning (512): <span style="color:Red;text-align:left"><b>SQL Error:</b> 1054: Unknown column 'Member.members.parc_id' in 'on clause'</span> in [C:\wamp\www\Dispocargit1\cake\libs\model\datasources\dbo_source.php, line 684]
2012-12-14 19:15:47 Warning: Warning (512): <span style="color:Red;text-align:left"><b>SQL Error:</b> 1054: Unknown column 'members.parcs_id' in 'field list'</span> in [C:\wamp\www\Dispocargit1\cake\libs\model\datasources\dbo_source.php, line 684]
2012-12-14 19:15:47 Warning: Warning (2): Invalid argument supplied for foreach() in [C:\wamp\www\Dispocargit1\app\views\members\index.ctp, line 19]
2012-12-14 19:16:27 Warning: Warning (512): <span style="color:Red;text-align:left"><b>SQL Error:</b> 1054: Unknown column 'Member.parc_id' in 'on clause'</span> in [C:\wamp\www\Dispocargit1\cake\libs\model\datasources\dbo_source.php, line 684]
2012-12-14 19:16:27 Warning: Warning (512): <span style="color:Red;text-align:left"><b>SQL Error:</b> 1054: Unknown column 'members.parcs_id' in 'field list'</span> in [C:\wamp\www\Dispocargit1\cake\libs\model\datasources\dbo_source.php, line 684]
2012-12-14 19:16:28 Warning: Warning (2): Invalid argument supplied for foreach() in [C:\wamp\www\Dispocargit1\app\views\members\index.ctp, line 19]
2012-12-14 19:16:33 Warning: Warning (512): <span style="color:Red;text-align:left"><b>SQL Error:</b> 1054: Unknown column 'Member.parc_id' in 'on clause'</span> in [C:\wamp\www\Dispocargit1\cake\libs\model\datasources\dbo_source.php, line 684]
2012-12-14 19:16:33 Warning: Warning (512): <span style="color:Red;text-align:left"><b>SQL Error:</b> 1054: Unknown column 'members.parcs_id' in 'field list'</span> in [C:\wamp\www\Dispocargit1\cake\libs\model\datasources\dbo_source.php, line 684]
2012-12-14 19:16:34 Warning: Warning (2): Invalid argument supplied for foreach() in [C:\wamp\www\Dispocargit1\app\views\members\index.ctp, line 19]
2012-12-14 19:17:00 Warning: Warning (512): <span style="color:Red;text-align:left"><b>SQL Error:</b> 1054: Unknown column 'Member.parcs_id' in 'on clause'</span> in [C:\wamp\www\Dispocargit1\cake\libs\model\datasources\dbo_source.php, line 684]
2012-12-14 19:17:00 Warning: Warning (512): <span style="color:Red;text-align:left"><b>SQL Error:</b> 1054: Unknown column 'members.parcs_id' in 'field list'</span> in [C:\wamp\www\Dispocargit1\cake\libs\model\datasources\dbo_source.php, line 684]
2012-12-14 19:17:01 Warning: Warning (2): Invalid argument supplied for foreach() in [C:\wamp\www\Dispocargit1\app\views\members\index.ctp, line 19]
2012-12-14 19:17:23 Warning: Warning (512): <span style="color:Red;text-align:left"><b>SQL Error:</b> 1054: Unknown column 'members.parcs_id' in 'field list'</span> in [C:\wamp\www\Dispocargit1\cake\libs\model\datasources\dbo_source.php, line 684]
2012-12-14 19:17:23 Warning: Warning (2): Invalid argument supplied for foreach() in [C:\wamp\www\Dispocargit1\app\views\members\index.ctp, line 19]
2012-12-14 19:19:22 Warning: Warning (512): <span style="color:Red;text-align:left"><b>SQL Error:</b> 1054: Unknown column 'Member.parc_id' in 'on clause'</span> in [C:\wamp\www\Dispocargit1\cake\libs\model\datasources\dbo_source.php, line 684]
2012-12-14 19:19:22 Warning: Warning (512): <span style="color:Red;text-align:left"><b>SQL Error:</b> 1054: Unknown column 'members.parcs_id' in 'field list'</span> in [C:\wamp\www\Dispocargit1\cake\libs\model\datasources\dbo_source.php, line 684]
2012-12-14 19:19:22 Warning: Warning (2): Invalid argument supplied for foreach() in [C:\wamp\www\Dispocargit1\app\views\members\index.ctp, line 19]
2012-12-14 19:20:37 Warning: Warning (512): <span style="color:Red;text-align:left"><b>SQL Error:</b> 1054: Unknown column 'Member.parc_id' in 'on clause'</span> in [C:\wamp\www\Dispocargit1\cake\libs\model\datasources\dbo_source.php, line 684]
2012-12-14 19:20:37 Warning: Warning (512): <span style="color:Red;text-align:left"><b>SQL Error:</b> 1054: Unknown column 'members.parcs_id' in 'field list'</span> in [C:\wamp\www\Dispocargit1\cake\libs\model\datasources\dbo_source.php, line 684]
2012-12-14 19:20:37 Warning: Warning (2): Invalid argument supplied for foreach() in [C:\wamp\www\Dispocargit1\app\views\members\index.ctp, line 19]
2012-12-14 19:24:56 Warning: Warning (512): <span style="color:Red;text-align:left"><b>SQL Error:</b> 1054: Unknown column 'Member.parc_id' in 'on clause'</span> in [C:\wamp\www\Dispocargit1\cake\libs\model\datasources\dbo_source.php, line 684]
2012-12-14 19:24:57 Warning: Warning (512): <span style="color:Red;text-align:left"><b>SQL Error:</b> 1054: Unknown column 'members.parc_id' in 'field list'</span> in [C:\wamp\www\Dispocargit1\cake\libs\model\datasources\dbo_source.php, line 684]
2012-12-14 19:24:58 Warning: Warning (2): Invalid argument supplied for foreach() in [C:\wamp\www\Dispocargit1\app\views\members\index.ctp, line 19]
2012-12-14 19:26:25 Warning: Warning (512): <span style="color:Red;text-align:left"><b>SQL Error:</b> 1054: Unknown column 'Member.parc_id' in 'on clause'</span> in [C:\wamp\www\Dispocargit1\cake\libs\model\datasources\dbo_source.php, line 684]
2012-12-14 19:26:25 Warning: Warning (512): <span style="color:Red;text-align:left"><b>SQL Error:</b> 1054: Unknown column 'members.parc_id' in 'field list'</span> in [C:\wamp\www\Dispocargit1\cake\libs\model\datasources\dbo_source.php, line 684]
2012-12-14 19:26:25 Warning: Warning (2): Invalid argument supplied for foreach() in [C:\wamp\www\Dispocargit1\app\views\members\index.ctp, line 19]
2012-12-14 19:28:37 Warning: Warning (512): <span style="color:Red;text-align:left"><b>SQL Error:</b> 1054: Unknown column 'Member.parc_id' in 'on clause'</span> in [C:\wamp\www\Dispocargit1\cake\libs\model\datasources\dbo_source.php, line 684]
2012-12-14 19:28:38 Warning: Warning (512): <span style="color:Red;text-align:left"><b>SQL Error:</b> 1054: Unknown column 'members.parc_id' in 'field list'</span> in [C:\wamp\www\Dispocargit1\cake\libs\model\datasources\dbo_source.php, line 684]
2012-12-14 19:28:38 Warning: Warning (2): Invalid argument supplied for foreach() in [C:\wamp\www\Dispocargit1\app\views\members\index.ctp, line 19]
2012-12-14 19:28:42 Warning: Warning (512): <span style="color:Red;text-align:left"><b>SQL Error:</b> 1054: Unknown column 'Member.parc_id' in 'on clause'</span> in [C:\wamp\www\Dispocargit1\cake\libs\model\datasources\dbo_source.php, line 684]
2012-12-14 19:28:43 Warning: Warning (512): <span style="color:Red;text-align:left"><b>SQL Error:</b> 1054: Unknown column 'members.parc_id' in 'field list'</span> in [C:\wamp\www\Dispocargit1\cake\libs\model\datasources\dbo_source.php, line 684]
2012-12-14 19:28:43 Warning: Warning (2): Invalid argument supplied for foreach() in [C:\wamp\www\Dispocargit1\app\views\members\index.ctp, line 19]
2012-12-14 20:25:30 Warning: Warning (512): <span style="color:Red;text-align:left"><b>SQL Error:</b> 1452: Cannot add or update a child row: a foreign key constraint fails (`basedispocar`.`parcs`, CONSTRAINT `fk_parcs_ovehicules1` FOREIGN KEY (`ovehicules_id`) REFERENCES `ovehicules` (`id`) ON DELETE NO ACTION ON UPDATE NO ACTION)</span> in [C:\wamp\www\Dispocargit1\cake\libs\model\datasources\dbo_source.php, line 684]
2012-12-15 09:26:43 Warning: Warning (512): <span style="color:Red;text-align:left"><b>SQL Error:</b> 1054: Unknown column 'Client.nvehicules_id' in 'on clause'</span> in [C:\wamp\www\Dispocargit1\cake\libs\model\datasources\dbo_source.php, line 684]
2012-12-15 09:26:44 Warning: Warning (2): Invalid argument supplied for foreach() in [C:\wamp\www\Dispocargit1\app\views\clients\membres_index.ctp, line 16]
2012-12-16 13:32:31 Warning: Warning (512): MeioUploadBehavior Error: The field "picture" doesn't exists in the model "Nvehicule". in [C:\wamp\www\Dispocargit1\app\models\behaviors\meio_upload.php, line 252]
2012-12-16 20:55:13 Warning: Warning (512): MeioUploadBehavior Error: The field "picture" doesn't exists in the model "Nvehicule". in [C:\wamp\www\Dispocargit1\app\models\behaviors\meio_upload.php, line 252]
2012-12-16 21:50:03 Warning: Warning (2): imagecreatefromjpeg(img\nvehicules\vehicule1.jpg) [<a href='http://php.net/function.imagecreatefromjpeg'>function.imagecreatefromjpeg</a>]: failed to open stream: No such file or directory in [C:\wamp\www\Dispocargit1\app\models\behaviors\meio_upload.php, line 721]
2012-12-16 21:50:04 Warning: Warning (2): imagesx() expects parameter 1 to be resource, boolean given in [C:\wamp\www\Dispocargit1\app\models\behaviors\meio_upload.php, line 729]
2012-12-16 21:50:04 Warning: Warning (2): imagesy() expects parameter 1 to be resource, boolean given in [C:\wamp\www\Dispocargit1\app\models\behaviors\meio_upload.php, line 730]
2012-12-16 21:50:04 Warning: Warning (2): Division by zero in [C:\wamp\www\Dispocargit1\app\models\behaviors\meio_upload.php, line 735]
2012-12-16 21:50:04 Warning: Warning (2): imagecreatetruecolor() [<a href='http://php.net/function.imagecreatetruecolor'>function.imagecreatetruecolor</a>]: Invalid image dimensions in [C:\wamp\www\Dispocargit1\app\models\behaviors\meio_upload.php, line 743]
2012-12-16 21:50:04 Warning: Warning (2): imagecopyresampled() expects parameter 1 to be resource, boolean given in [C:\wamp\www\Dispocargit1\app\models\behaviors\meio_upload.php, line 744]
2012-12-16 21:50:04 Warning: Warning (2): imagejpeg() expects parameter 1 to be resource, boolean given in [C:\wamp\www\Dispocargit1\app\models\behaviors\meio_upload.php, line 750]
2012-12-16 21:50:04 Warning: Warning (2): imagedestroy() expects parameter 1 to be resource, boolean given in [C:\wamp\www\Dispocargit1\app\models\behaviors\meio_upload.php, line 753]
2012-12-16 21:50:04 Warning: Warning (2): imagedestroy() expects parameter 1 to be resource, boolean given in [C:\wamp\www\Dispocargit1\app\models\behaviors\meio_upload.php, line 754]
2012-12-16 21:52:00 Warning: Warning (2): imagecreatefromjpeg(img\nvehicules\vehicule1.jpg) [<a href='http://php.net/function.imagecreatefromjpeg'>function.imagecreatefromjpeg</a>]: failed to open stream: No such file or directory in [C:\wamp\www\Dispocargit1\app\models\behaviors\meio_upload.php, line 721]
2012-12-16 21:52:00 Warning: Warning (2): imagesx() expects parameter 1 to be resource, boolean given in [C:\wamp\www\Dispocargit1\app\models\behaviors\meio_upload.php, line 729]
2012-12-16 21:52:00 Warning: Warning (2): imagesy() expects parameter 1 to be resource, boolean given in [C:\wamp\www\Dispocargit1\app\models\behaviors\meio_upload.php, line 730]
2012-12-16 21:52:00 Warning: Warning (2): Division by zero in [C:\wamp\www\Dispocargit1\app\models\behaviors\meio_upload.php, line 735]
2012-12-16 21:52:00 Warning: Warning (2): imagecreatetruecolor() [<a href='http://php.net/function.imagecreatetruecolor'>function.imagecreatetruecolor</a>]: Invalid image dimensions in [C:\wamp\www\Dispocargit1\app\models\behaviors\meio_upload.php, line 743]
2012-12-16 21:52:00 Warning: Warning (2): imagecopyresampled() expects parameter 1 to be resource, boolean given in [C:\wamp\www\Dispocargit1\app\models\behaviors\meio_upload.php, line 744]
2012-12-16 21:52:00 Warning: Warning (2): imagejpeg() expects parameter 1 to be resource, boolean given in [C:\wamp\www\Dispocargit1\app\models\behaviors\meio_upload.php, line 750]
2012-12-16 21:52:00 Warning: Warning (2): imagedestroy() expects parameter 1 to be resource, boolean given in [C:\wamp\www\Dispocargit1\app\models\behaviors\meio_upload.php, line 753]
2012-12-16 21:52:00 Warning: Warning (2): imagedestroy() expects parameter 1 to be resource, boolean given in [C:\wamp\www\Dispocargit1\app\models\behaviors\meio_upload.php, line 754]
2012-12-16 22:19:13 Warning: Warning (2): imagecreatefromjpeg(img\nvehicules\vehicule1.jpg) [<a href='http://php.net/function.imagecreatefromjpeg'>function.imagecreatefromjpeg</a>]: failed to open stream: No such file or directory in [C:\wamp\www\Dispocargit1\app\models\behaviors\meio_upload.php, line 721]
2012-12-16 22:19:13 Warning: Warning (2): imagesx() expects parameter 1 to be resource, boolean given in [C:\wamp\www\Dispocargit1\app\models\behaviors\meio_upload.php, line 729]
2012-12-16 22:19:13 Warning: Warning (2): imagesy() expects parameter 1 to be resource, boolean given in [C:\wamp\www\Dispocargit1\app\models\behaviors\meio_upload.php, line 730]
2012-12-16 22:19:13 Warning: Warning (2): Division by zero in [C:\wamp\www\Dispocargit1\app\models\behaviors\meio_upload.php, line 735]
2012-12-16 22:19:13 Warning: Warning (2): imagecreatetruecolor() [<a href='http://php.net/function.imagecreatetruecolor'>function.imagecreatetruecolor</a>]: Invalid image dimensions in [C:\wamp\www\Dispocargit1\app\models\behaviors\meio_upload.php, line 743]
2012-12-16 22:19:13 Warning: Warning (2): imagecopyresampled() expects parameter 1 to be resource, boolean given in [C:\wamp\www\Dispocargit1\app\models\behaviors\meio_upload.php, line 744]
2012-12-16 22:19:13 Warning: Warning (2): imagejpeg() expects parameter 1 to be resource, boolean given in [C:\wamp\www\Dispocargit1\app\models\behaviors\meio_upload.php, line 750]
2012-12-16 22:19:13 Warning: Warning (2): imagedestroy() expects parameter 1 to be resource, boolean given in [C:\wamp\www\Dispocargit1\app\models\behaviors\meio_upload.php, line 753]
2012-12-16 22:19:13 Warning: Warning (2): imagedestroy() expects parameter 1 to be resource, boolean given in [C:\wamp\www\Dispocargit1\app\models\behaviors\meio_upload.php, line 754]
2012-12-17 17:33:30 Warning: Warning (2): Invalid argument supplied for foreach() in [C:\wamp\www\Dispocargit1\app\models\behaviors\meio_upload.php, line 240]
2012-12-17 17:33:37 Warning: Warning (2): Invalid argument supplied for foreach() in [C:\wamp\www\Dispocargit1\app\models\behaviors\meio_upload.php, line 240]
2012-12-17 17:33:38 Warning: Warning (2): Invalid argument supplied for foreach() in [C:\wamp\www\Dispocargit1\app\models\behaviors\meio_upload.php, line 240]
2012-12-17 17:33:42 Warning: Warning (2): Invalid argument supplied for foreach() in [C:\wamp\www\Dispocargit1\app\models\behaviors\meio_upload.php, line 240]
2012-12-17 17:33:51 Warning: Warning (2): Invalid argument supplied for foreach() in [C:\wamp\www\Dispocargit1\app\models\behaviors\meio_upload.php, line 240]
2012-12-17 17:34:45 Warning: Warning (2): Invalid argument supplied for foreach() in [C:\wamp\www\Dispocargit1\app\models\behaviors\meio_upload.php, line 240]
2012-12-17 17:34:49 Warning: Warning (2): Invalid argument supplied for foreach() in [C:\wamp\www\Dispocargit1\app\models\behaviors\meio_upload.php, line 240]
2012-12-17 17:34:51 Warning: Warning (2): Invalid argument supplied for foreach() in [C:\wamp\www\Dispocargit1\app\models\behaviors\meio_upload.php, line 240]
2012-12-18 13:04:36 Warning: Warning (512): <span style="color:Red;text-align:left"><b>SQL Error:</b> 1062: Duplicate entry '123' for key 'numero_UNIQUE'</span> in [C:\wamp\www\Dispocargit1\cake\libs\model\datasources\dbo_source.php, line 684]
2012-12-18 13:06:49 Warning: Warning (512): <span style="color:Red;text-align:left"><b>SQL Error:</b> 1062: Duplicate entry '999' for key 'numero_UNIQUE'</span> in [C:\wamp\www\Dispocargit1\cake\libs\model\datasources\dbo_source.php, line 684]
2012-12-18 13:59:34 Warning: Warning (2): Missing argument 1 for NvehiculesController::membres_createthumb() in [C:\wamp\www\Dispocargit1\app\controllers\nvehicules_controller.php, line 90]
2012-12-18 13:59:34 Warning: Warning (2): Missing argument 2 for NvehiculesController::membres_createthumb() in [C:\wamp\www\Dispocargit1\app\controllers\nvehicules_controller.php, line 90]
2012-12-18 13:59:34 Warning: Warning (2): Missing argument 3 for NvehiculesController::membres_createthumb() in [C:\wamp\www\Dispocargit1\app\controllers\nvehicules_controller.php, line 90]
2012-12-18 13:59:34 Warning: Warning (2): Missing argument 4 for NvehiculesController::membres_createthumb() in [C:\wamp\www\Dispocargit1\app\controllers\nvehicules_controller.php, line 90]
2012-12-18 13:59:34 Warning: Warning (2): Missing argument 5 for NvehiculesController::membres_createthumb() in [C:\wamp\www\Dispocargit1\app\controllers\nvehicules_controller.php, line 90]
2012-12-18 15:27:36 Warning: Warning (512): <span style="color:Red;text-align:left"><b>SQL Error:</b> 1054: Unknown column 'Array' in 'field list'</span> in [C:\wamp\www\Dispocargit1\cake\libs\model\datasources\dbo_source.php, line 684]
